Build started 8/6/2020 11:36:19 PM.
     1>Project "D:\ykirc\OneDrive\Documents\Visual Studio 2012\Projects\0_CS_300\yusufhan_kircova_yusufhan_hw3\yusufhan_kircova_yusufhan_hw3\yusufhan_kircova_yusufhan_hw3.vcxproj" on node 2 (Build target(s)).
     1>ClCompile:
         D:\Program Files\Microsoft Visual Studio 11.0\VC\bin\CL.exe /c /ZI /nologo /W3 /WX- /sdl /Od /Oy- /D WIN32 /D _DEBUG /D _CONSOLE /D _UNICODE /D UNICODE /Gm /EHsc /RTC1 /MDd /GS /fp:precise /Zc:wchar_t /Zc:forScope /Fo"Debug\\" /Fd"Debug\vc110.pdb" /Gd /TP /analyze- /errorReport:prompt BinarySearchTree.cpp yusufhan_kircova_yusufhan_hw3_main.cpp
         yusufhan_kircova_yusufhan_hw3_main.cpp
     1>d:\ykirc\onedrive\documents\visual studio 2012\projects\0_cs_300\yusufhan_kircova_yusufhan_hw3\yusufhan_kircova_yusufhan_hw3\yusufhan_kircova_yusufhan_hw3_main.cpp(41): warning C4018: '<' : signed/unsigned mismatch
     1>d:\ykirc\onedrive\documents\visual studio 2012\projects\0_cs_300\yusufhan_kircova_yusufhan_hw3\yusufhan_kircova_yusufhan_hw3\yusufhan_kircova_yusufhan_hw3_main.cpp(54): warning C4018: '<' : signed/unsigned mismatch
     1>d:\ykirc\onedrive\documents\visual studio 2012\projects\0_cs_300\yusufhan_kircova_yusufhan_hw3\yusufhan_kircova_yusufhan_hw3\yusufhan_kircova_yusufhan_hw3_main.cpp(67): warning C4018: '<' : signed/unsigned mismatch
     1>d:\ykirc\onedrive\documents\visual studio 2012\projects\0_cs_300\yusufhan_kircova_yusufhan_hw3\yusufhan_kircova_yusufhan_hw3\yusufhan_kircova_yusufhan_hw3_main.cpp(87): warning C4018: '<' : signed/unsigned mismatch
     1>d:\ykirc\onedrive\documents\visual studio 2012\projects\0_cs_300\yusufhan_kircova_yusufhan_hw3\yusufhan_kircova_yusufhan_hw3\yusufhan_kircova_yusufhan_hw3_main.cpp(139): warning C4018: '<' : signed/unsigned mismatch
     1>d:\ykirc\onedrive\documents\visual studio 2012\projects\0_cs_300\yusufhan_kircova_yusufhan_hw3\yusufhan_kircova_yusufhan_hw3\yusufhan_kircova_yusufhan_hw3_main.cpp(196): warning C4018: '<' : signed/unsigned mismatch
     1>d:\ykirc\onedrive\documents\visual studio 2012\projects\0_cs_300\yusufhan_kircova_yusufhan_hw3\yusufhan_kircova_yusufhan_hw3\yusufhan_kircova_yusufhan_hw3_main.cpp(205): warning C4018: '<' : signed/unsigned mismatch
     1>d:\ykirc\onedrive\documents\visual studio 2012\projects\0_cs_300\yusufhan_kircova_yusufhan_hw3\yusufhan_kircova_yusufhan_hw3\yusufhan_kircova_yusufhan_hw3_main.cpp(244): warning C4018: '<' : signed/unsigned mismatch
     1>d:\ykirc\onedrive\documents\visual studio 2012\projects\0_cs_300\yusufhan_kircova_yusufhan_hw3\yusufhan_kircova_yusufhan_hw3\yusufhan_kircova_yusufhan_hw3_main.cpp(302): warning C4018: '<' : signed/unsigned mismatch
     1>d:\ykirc\onedrive\documents\visual studio 2012\projects\0_cs_300\yusufhan_kircova_yusufhan_hw3\yusufhan_kircova_yusufhan_hw3\hashtable.h(81): warning C4018: '<' : signed/unsigned mismatch
                 d:\ykirc\onedrive\documents\visual studio 2012\projects\0_cs_300\yusufhan_kircova_yusufhan_hw3\yusufhan_kircova_yusufhan_hw3\hashtable.h(80) : while compiling class template member function 'double HashTable<Key,HashedObj>::getLoadFactor(void)'
                 with
                 [
                     Key=std::string,
                     HashedObj=WordItem
                 ]
                 d:\ykirc\onedrive\documents\visual studio 2012\projects\0_cs_300\yusufhan_kircova_yusufhan_hw3\yusufhan_kircova_yusufhan_hw3\yusufhan_kircova_yusufhan_hw3_main.cpp(186) : see reference to function template instantiation 'double HashTable<Key,HashedObj>::getLoadFactor(void)' being compiled
                 with
                 [
                     Key=std::string,
                     HashedObj=WordItem
                 ]
                 d:\ykirc\onedrive\documents\visual studio 2012\projects\0_cs_300\yusufhan_kircova_yusufhan_hw3\yusufhan_kircova_yusufhan_hw3\yusufhan_kircova_yusufhan_hw3_main.cpp(123) : see reference to class template instantiation 'HashTable<Key,HashedObj>' being compiled
                 with
                 [
                     Key=std::string,
                     HashedObj=WordItem
                 ]
     1>d:\ykirc\onedrive\documents\visual studio 2012\projects\0_cs_300\yusufhan_kircova_yusufhan_hw3\yusufhan_kircova_yusufhan_hw3\hashtable.h(104): warning C4018: '<' : signed/unsigned mismatch
                 d:\ykirc\onedrive\documents\visual studio 2012\projects\0_cs_300\yusufhan_kircova_yusufhan_hw3\yusufhan_kircova_yusufhan_hw3\hashtable.h(103) : while compiling class template member function 'void HashTable<Key,HashedObj>::makeEmpty(void)'
                 with
                 [
                     Key=std::string,
                     HashedObj=WordItem
                 ]
                 d:\ykirc\onedrive\documents\visual studio 2012\projects\0_cs_300\yusufhan_kircova_yusufhan_hw3\yusufhan_kircova_yusufhan_hw3\hashtable.h(113) : see reference to function template instantiation 'void HashTable<Key,HashedObj>::makeEmpty(void)' being compiled
                 with
                 [
                     Key=std::string,
                     HashedObj=WordItem
                 ]
                 d:\ykirc\onedrive\documents\visual studio 2012\projects\0_cs_300\yusufhan_kircova_yusufhan_hw3\yusufhan_kircova_yusufhan_hw3\hashtable.h(111) : while compiling class template member function 'HashTable<Key,HashedObj>::HashTable(const Key &,const HashedObj &,int)'
                 with
                 [
                     Key=std::string,
                     HashedObj=WordItem
                 ]
                 d:\ykirc\onedrive\documents\visual studio 2012\projects\0_cs_300\yusufhan_kircova_yusufhan_hw3\yusufhan_kircova_yusufhan_hw3\yusufhan_kircova_yusufhan_hw3_main.cpp(123) : see reference to function template instantiation 'HashTable<Key,HashedObj>::HashTable(const Key &,const HashedObj &,int)' being compiled
                 with
                 [
                     Key=std::string,
                     HashedObj=WordItem
                 ]
     1>d:\ykirc\onedrive\documents\visual studio 2012\projects\0_cs_300\yusufhan_kircova_yusufhan_hw3\yusufhan_kircova_yusufhan_hw3\hashtable.h(125): warning C4018: '>=' : signed/unsigned mismatch
                 d:\ykirc\onedrive\documents\visual studio 2012\projects\0_cs_300\yusufhan_kircova_yusufhan_hw3\yusufhan_kircova_yusufhan_hw3\hashtable.h(118) : while compiling class template member function 'int HashTable<Key,HashedObj>::findPos(const Key &) const'
                 with
                 [
                     Key=std::string,
                     HashedObj=WordItem
                 ]
                 d:\ykirc\onedrive\documents\visual studio 2012\projects\0_cs_300\yusufhan_kircova_yusufhan_hw3\yusufhan_kircova_yusufhan_hw3\hashtable.h(150) : see reference to function template instantiation 'int HashTable<Key,HashedObj>::findPos(const Key &) const' being compiled
                 with
                 [
                     Key=std::string,
                     HashedObj=WordItem
                 ]
     1>d:\ykirc\onedrive\documents\visual studio 2012\projects\0_cs_300\yusufhan_kircova_yusufhan_hw3\yusufhan_kircova_yusufhan_hw3\hashtable.h(176): warning C4018: '<' : signed/unsigned mismatch
                 d:\ykirc\onedrive\documents\visual studio 2012\projects\0_cs_300\yusufhan_kircova_yusufhan_hw3\yusufhan_kircova_yusufhan_hw3\hashtable.h(171) : while compiling class template member function 'void HashTable<Key,HashedObj>::rehash(void)'
                 with
                 [
                     Key=std::string,
                     HashedObj=WordItem
                 ]
                 d:\ykirc\onedrive\documents\visual studio 2012\projects\0_cs_300\yusufhan_kircova_yusufhan_hw3\yusufhan_kircova_yusufhan_hw3\hashtable.h(166) : see reference to function template instantiation 'void HashTable<Key,HashedObj>::rehash(void)' being compiled
                 with
                 [
                     Key=std::string,
                     HashedObj=WordItem
                 ]
     1>d:\ykirc\onedrive\documents\visual studio 2012\projects\0_cs_300\yusufhan_kircova_yusufhan_hw3\yusufhan_kircova_yusufhan_hw3\hashtable.h(183): warning C4018: '<' : signed/unsigned mismatch
     1>d:\ykirc\onedrive\documents\visual studio 2012\projects\0_cs_300\yusufhan_kircova_yusufhan_hw3\yusufhan_kircova_yusufhan_hw3\hashtable.h(94): warning C4018: '<' : signed/unsigned mismatch
                 d:\ykirc\onedrive\documents\visual studio 2012\projects\0_cs_300\yusufhan_kircova_yusufhan_hw3\yusufhan_kircova_yusufhan_hw3\hashtable.h(92) : while compiling class template member function 'int HashTable<Key,HashedObj>::hash(const Key &,int) const'
                 with
                 [
                     Key=std::string,
                     HashedObj=WordItem
                 ]
                 d:\ykirc\onedrive\documents\visual studio 2012\projects\0_cs_300\yusufhan_kircova_yusufhan_hw3\yusufhan_kircova_yusufhan_hw3\hashtable.h(120) : see reference to function template instantiation 'int HashTable<Key,HashedObj>::hash(const Key &,int) const' being compiled
                 with
                 [
                     Key=std::string,
                     HashedObj=WordItem
                 ]
                 d:\ykirc\onedrive\documents\visual studio 2012\projects\0_cs_300\yusufhan_kircova_yusufhan_hw3\yusufhan_kircova_yusufhan_hw3\hashtable.h(103) : while compiling class template member function 'void HashTable<Key,HashedObj>::makeEmpty(void)'
                 with
                 [
                     Key=std::string,
                     HashedObj=WordItem
                 ]
                 d:\ykirc\onedrive\documents\visual studio 2012\projects\0_cs_300\yusufhan_kircova_yusufhan_hw3\yusufhan_kircova_yusufhan_hw3\hashtable.h(113) : see reference to function template instantiation 'void HashTable<Key,HashedObj>::makeEmpty(void)' being compiled
                 with
                 [
                     Key=std::string,
                     HashedObj=WordItem
                 ]
         BinarySearchTree.cpp
         Generating Code...
       Link:
         D:\Program Files\Microsoft Visual Studio 11.0\VC\bin\link.exe /ERRORREPORT:PROMPT /OUT:"D:\ykirc\OneDrive\Documents\Visual Studio 2012\Projects\0_CS_300\yusufhan_kircova_yusufhan_hw3\Debug\yusufhan_kircova_yusufhan_hw3.exe" /INCREMENTAL /NOLOGO kernel32.lib user32.lib gdi32.lib winspool.lib comdlg32.lib advapi32.lib shell32.lib ole32.lib oleaut32.lib uuid.lib odbc32.lib odbccp32.lib /MANIFEST /MANIFESTUAC:"level='asInvoker' uiAccess='false'" /manifest:embed /DEBUG /PDB:"D:\ykirc\OneDrive\Documents\Visual Studio 2012\Projects\0_CS_300\yusufhan_kircova_yusufhan_hw3\Debug\yusufhan_kircova_yusufhan_hw3.pdb" /SUBSYSTEM:CONSOLE /TLBID:1 /DYNAMICBASE /NXCOMPAT /IMPLIB:"D:\ykirc\OneDrive\Documents\Visual Studio 2012\Projects\0_CS_300\yusufhan_kircova_yusufhan_hw3\Debug\yusufhan_kircova_yusufhan_hw3.lib" /MACHINE:X86 Debug\BinarySearchTree.obj
         Debug\LinkedList.obj
         Debug\yusufhan_kircova_yusufhan_hw3_main.obj
         yusufhan_kircova_yusufhan_hw3.vcxproj -> D:\ykirc\OneDrive\Documents\Visual Studio 2012\Projects\0_CS_300\yusufhan_kircova_yusufhan_hw3\Debug\yusufhan_kircova_yusufhan_hw3.exe
     1>Done Building Project "D:\ykirc\OneDrive\Documents\Visual Studio 2012\Projects\0_CS_300\yusufhan_kircova_yusufhan_hw3\yusufhan_kircova_yusufhan_hw3\yusufhan_kircova_yusufhan_hw3.vcxproj" (Build target(s)).

Build succeeded.

Time Elapsed 00:00:01.99
