D:\YKIRC\ONEDRIVE\DOCUMENTS\VISUAL STUDIO 2012\PROJECTS\0_CS_300\YUSUFHAN_KIRCOVA_YUSUFHAN_HW1.1\YUSUFHAN_KIRCOVA_YUSUFHAN_HW1.1\DEBUG\STACK.OBJ
D:\YKIRC\ONEDRIVE\DOCUMENTS\VISUAL STUDIO 2012\PROJECTS\0_CS_300\YUSUFHAN_KIRCOVA_YUSUFHAN_HW1.1\YUSUFHAN_KIRCOVA_YUSUFHAN_HW1.1\DEBUG\VC110.PDB
D:\YKIRC\ONEDRIVE\DOCUMENTS\VISUAL STUDIO 2012\PROJECTS\0_CS_300\YUSUFHAN_KIRCOVA_YUSUFHAN_HW1.1\YUSUFHAN_KIRCOVA_YUSUFHAN_HW1.1\DEBUG\YUSUFHAN_KIRCOVA_YUSUFHAN_HW1_MAIN.OBJ
D:\YKIRC\ONEDRIVE\DOCUMENTS\VISUAL STUDIO 2012\PROJECTS\0_CS_300\YUSUFHAN_KIRCOVA_YUSUFHAN_HW1.1\DEBUG\YUSUFHAN_KIRCOVA_YUSUFHAN_HW1.1.ILK
D:\YKIRC\ONEDRIVE\DOCUMENTS\VISUAL STUDIO 2012\PROJECTS\0_CS_300\YUSUFHAN_KIRCOVA_YUSUFHAN_HW1.1\DEBUG\YUSUFHAN_KIRCOVA_YUSUFHAN_HW1.1.EXE
D:\YKIRC\ONEDRIVE\DOCUMENTS\VISUAL STUDIO 2012\PROJECTS\0_CS_300\YUSUFHAN_KIRCOVA_YUSUFHAN_HW1.1\DEBUG\YUSUFHAN_KIRCOVA_YUSUFHAN_HW1.1.PDB
D:\ykirc\OneDrive\Documents\Visual Studio 2012\Projects\0_CS_300\yusufhan_kircova_yusufhan_hw1.1\yusufhan_kircova_yusufhan_hw1.1\Debug\Stack.obj
D:\ykirc\OneDrive\Documents\Visual Studio 2012\Projects\0_CS_300\yusufhan_kircova_yusufhan_hw1.1\yusufhan_kircova_yusufhan_hw1.1\Debug\yusufhan_kircova_yusufhan_hw1_main.obj
D:\ykirc\OneDrive\Documents\Visual Studio 2012\Projects\0_CS_300\yusufhan_kircova_yusufhan_hw1.1\yusufhan_kircova_yusufhan_hw1.1\Debug\cl.command.1.tlog
D:\ykirc\OneDrive\Documents\Visual Studio 2012\Projects\0_CS_300\yusufhan_kircova_yusufhan_hw1.1\yusufhan_kircova_yusufhan_hw1.1\Debug\CL.read.1.tlog
D:\ykirc\OneDrive\Documents\Visual Studio 2012\Projects\0_CS_300\yusufhan_kircova_yusufhan_hw1.1\yusufhan_kircova_yusufhan_hw1.1\Debug\CL.write.1.tlog
D:\ykirc\OneDrive\Documents\Visual Studio 2012\Projects\0_CS_300\yusufhan_kircova_yusufhan_hw1.1\yusufhan_kircova_yusufhan_hw1.1\Debug\link-cvtres.read.1.tlog
D:\ykirc\OneDrive\Documents\Visual Studio 2012\Projects\0_CS_300\yusufhan_kircova_yusufhan_hw1.1\yusufhan_kircova_yusufhan_hw1.1\Debug\link-cvtres.write.1.tlog
D:\ykirc\OneDrive\Documents\Visual Studio 2012\Projects\0_CS_300\yusufhan_kircova_yusufhan_hw1.1\yusufhan_kircova_yusufhan_hw1.1\Debug\link-rc.read.1.tlog
D:\ykirc\OneDrive\Documents\Visual Studio 2012\Projects\0_CS_300\yusufhan_kircova_yusufhan_hw1.1\yusufhan_kircova_yusufhan_hw1.1\Debug\link-rc.write.1.tlog
D:\ykirc\OneDrive\Documents\Visual Studio 2012\Projects\0_CS_300\yusufhan_kircova_yusufhan_hw1.1\yusufhan_kircova_yusufhan_hw1.1\Debug\link.19864-cvtres.read.1.tlog
D:\ykirc\OneDrive\Documents\Visual Studio 2012\Projects\0_CS_300\yusufhan_kircova_yusufhan_hw1.1\yusufhan_kircova_yusufhan_hw1.1\Debug\link.19864-cvtres.write.1.tlog
D:\ykirc\OneDrive\Documents\Visual Studio 2012\Projects\0_CS_300\yusufhan_kircova_yusufhan_hw1.1\yusufhan_kircova_yusufhan_hw1.1\Debug\link.19864-rc.read.1.tlog
D:\ykirc\OneDrive\Documents\Visual Studio 2012\Projects\0_CS_300\yusufhan_kircova_yusufhan_hw1.1\yusufhan_kircova_yusufhan_hw1.1\Debug\link.19864-rc.write.1.tlog
D:\ykirc\OneDrive\Documents\Visual Studio 2012\Projects\0_CS_300\yusufhan_kircova_yusufhan_hw1.1\yusufhan_kircova_yusufhan_hw1.1\Debug\link.19864.read.1.tlog
D:\ykirc\OneDrive\Documents\Visual Studio 2012\Projects\0_CS_300\yusufhan_kircova_yusufhan_hw1.1\yusufhan_kircova_yusufhan_hw1.1\Debug\link.19864.write.1.tlog
D:\ykirc\OneDrive\Documents\Visual Studio 2012\Projects\0_CS_300\yusufhan_kircova_yusufhan_hw1.1\yusufhan_kircova_yusufhan_hw1.1\Debug\link.19956-cvtres.read.1.tlog
D:\ykirc\OneDrive\Documents\Visual Studio 2012\Projects\0_CS_300\yusufhan_kircova_yusufhan_hw1.1\yusufhan_kircova_yusufhan_hw1.1\Debug\link.19956-cvtres.write.1.tlog
D:\ykirc\OneDrive\Documents\Visual Studio 2012\Projects\0_CS_300\yusufhan_kircova_yusufhan_hw1.1\yusufhan_kircova_yusufhan_hw1.1\Debug\link.19956-rc.read.1.tlog
D:\ykirc\OneDrive\Documents\Visual Studio 2012\Projects\0_CS_300\yusufhan_kircova_yusufhan_hw1.1\yusufhan_kircova_yusufhan_hw1.1\Debug\link.19956-rc.write.1.tlog
D:\ykirc\OneDrive\Documents\Visual Studio 2012\Projects\0_CS_300\yusufhan_kircova_yusufhan_hw1.1\yusufhan_kircova_yusufhan_hw1.1\Debug\link.19956.read.1.tlog
D:\ykirc\OneDrive\Documents\Visual Studio 2012\Projects\0_CS_300\yusufhan_kircova_yusufhan_hw1.1\yusufhan_kircova_yusufhan_hw1.1\Debug\link.19956.write.1.tlog
D:\ykirc\OneDrive\Documents\Visual Studio 2012\Projects\0_CS_300\yusufhan_kircova_yusufhan_hw1.1\yusufhan_kircova_yusufhan_hw1.1\Debug\link.22868-cvtres.read.1.tlog
D:\ykirc\OneDrive\Documents\Visual Studio 2012\Projects\0_CS_300\yusufhan_kircova_yusufhan_hw1.1\yusufhan_kircova_yusufhan_hw1.1\Debug\link.22868-cvtres.write.1.tlog
D:\ykirc\OneDrive\Documents\Visual Studio 2012\Projects\0_CS_300\yusufhan_kircova_yusufhan_hw1.1\yusufhan_kircova_yusufhan_hw1.1\Debug\link.22868-rc.read.1.tlog
D:\ykirc\OneDrive\Documents\Visual Studio 2012\Projects\0_CS_300\yusufhan_kircova_yusufhan_hw1.1\yusufhan_kircova_yusufhan_hw1.1\Debug\link.22868-rc.write.1.tlog
D:\ykirc\OneDrive\Documents\Visual Studio 2012\Projects\0_CS_300\yusufhan_kircova_yusufhan_hw1.1\yusufhan_kircova_yusufhan_hw1.1\Debug\link.22868.read.1.tlog
D:\ykirc\OneDrive\Documents\Visual Studio 2012\Projects\0_CS_300\yusufhan_kircova_yusufhan_hw1.1\yusufhan_kircova_yusufhan_hw1.1\Debug\link.22868.write.1.tlog
D:\ykirc\OneDrive\Documents\Visual Studio 2012\Projects\0_CS_300\yusufhan_kircova_yusufhan_hw1.1\yusufhan_kircova_yusufhan_hw1.1\Debug\link.command.1.tlog
D:\ykirc\OneDrive\Documents\Visual Studio 2012\Projects\0_CS_300\yusufhan_kircova_yusufhan_hw1.1\yusufhan_kircova_yusufhan_hw1.1\Debug\link.read.1.tlog
D:\ykirc\OneDrive\Documents\Visual Studio 2012\Projects\0_CS_300\yusufhan_kircova_yusufhan_hw1.1\yusufhan_kircova_yusufhan_hw1.1\Debug\link.write.1.tlog
D:\ykirc\OneDrive\Documents\Visual Studio 2012\Projects\0_CS_300\yusufhan_kircova_yusufhan_hw1.1\yusufhan_kircova_yusufhan_hw1.1\Debug\vc110.idb
D:\ykirc\OneDrive\Documents\Visual Studio 2012\Projects\0_CS_300\yusufhan_kircova_yusufhan_hw1.1\yusufhan_kircova_yusufhan_hw1.1\Debug\vc110.pdb
D:\ykirc\OneDrive\Documents\Visual Studio 2012\Projects\0_CS_300\yusufhan_kircova_yusufhan_hw1.1\Debug\yusufhan_kircova_yusufhan_hw1.1.pdb
D:\ykirc\OneDrive\Documents\Visual Studio 2012\Projects\0_CS_300\yusufhan_kircova_yusufhan_hw1.1\Debug\yusufhan_kircova_yusufhan_hw1.1.exe
D:\ykirc\OneDrive\Documents\Visual Studio 2012\Projects\0_CS_300\yusufhan_kircova_yusufhan_hw1.1\Debug\yusufhan_kircova_yusufhan_hw1.1.ilk
